1751130356.134118 client started (40109): version 3.5a, socket /tmp/tmux-1000/default, protocol 8
1751130356.134138 on Linux 6.15.3-200.fc42.x86_64 #1 SMP PREEMPT_DYNAMIC Thu Jun 19 15:00:25 UTC 2025
1751130356.134146 using libevent 2.1.12-stable poll
1751130356.134150 using ncurses 6.5 20240629
1751130356.134162 flags are 0x18010000
1751130356.134172 socket is /tmp/tmux-1000/default
1751130356.134188 trying connect
1751130356.134236 add peer 0x55e59722d3e0: 6 ((nil))
1751130356.134455 sending message 111 to peer 0x55e59722d3e0 (8 bytes)
1751130356.134461 sending message 111 to peer 0x55e59722d3e0 (8 bytes)
1751130356.134465 sending message 101 to peer 0x55e59722d3e0 (15 bytes)
1751130356.134469 sending message 109 to peer 0x55e59722d3e0 (4 bytes)
1751130356.134472 sending message 102 to peer 0x55e59722d3e0 (11 bytes)
1751130356.134476 sending message 108 to peer 0x55e59722d3e0 (26 bytes)
1751130356.134480 sending message 112 to peer 0x55e59722d3e0 (58 bytes)
1751130356.134484 sending message 112 to peer 0x55e59722d3e0 (5 bytes)
1751130356.134488 sending message 112 to peer 0x55e59722d3e0 (5 bytes)
1751130356.134491 sending message 112 to peer 0x55e59722d3e0 (6 bytes)
1751130356.134495 sending message 112 to peer 0x55e59722d3e0 (6 bytes)
1751130356.134499 sending message 112 to peer 0x55e59722d3e0 (11 bytes)
1751130356.134502 sending message 112 to peer 0x55e59722d3e0 (10 bytes)
1751130356.134506 sending message 112 to peer 0x55e59722d3e0 (13 bytes)
1751130356.134510 sending message 112 to peer 0x55e59722d3e0 (14 bytes)
1751130356.134513 sending message 112 to peer 0x55e59722d3e0 (19 bytes)
1751130356.134517 sending message 112 to peer 0x55e59722d3e0 (11 bytes)
1751130356.134521 sending message 112 to peer 0x55e59722d3e0 (10 bytes)
1751130356.134524 sending message 112 to peer 0x55e59722d3e0 (15 bytes)
1751130356.134528 sending message 112 to peer 0x55e59722d3e0 (21 bytes)
1751130356.134532 sending message 112 to peer 0x55e59722d3e0 (13 bytes)
1751130356.134535 sending message 112 to peer 0x55e59722d3e0 (7 bytes)
1751130356.134539 sending message 112 to peer 0x55e59722d3e0 (13 bytes)
1751130356.134543 sending message 112 to peer 0x55e59722d3e0 (7 bytes)
1751130356.134546 sending message 112 to peer 0x55e59722d3e0 (13 bytes)
1751130356.134550 sending message 112 to peer 0x55e59722d3e0 (9 bytes)
1751130356.134554 sending message 112 to peer 0x55e59722d3e0 (21 bytes)
1751130356.134557 sending message 112 to peer 0x55e59722d3e0 (13 bytes)
1751130356.134561 sending message 112 to peer 0x55e59722d3e0 (9 bytes)
1751130356.134565 sending message 112 to peer 0x55e59722d3e0 (16 bytes)
1751130356.134568 sending message 112 to peer 0x55e59722d3e0 (13 bytes)
1751130356.134572 sending message 112 to peer 0x55e59722d3e0 (9 bytes)
1751130356.134576 sending message 112 to peer 0x55e59722d3e0 (9 bytes)
1751130356.134579 sending message 112 to peer 0x55e59722d3e0 (12 bytes)
1751130356.134583 sending message 112 to peer 0x55e59722d3e0 (8 bytes)
1751130356.134587 sending message 112 to peer 0x55e59722d3e0 (8 bytes)
1751130356.134590 sending message 112 to peer 0x55e59722d3e0 (13 bytes)
1751130356.134594 sending message 112 to peer 0x55e59722d3e0 (7 bytes)
1751130356.134598 sending message 112 to peer 0x55e59722d3e0 (7 bytes)
1751130356.134601 sending message 112 to peer 0x55e59722d3e0 (9 bytes)
1751130356.134605 sending message 112 to peer 0x55e59722d3e0 (9 bytes)
1751130356.134609 sending message 112 to peer 0x55e59722d3e0 (15 bytes)
1751130356.134612 sending message 112 to peer 0x55e59722d3e0 (13 bytes)
1751130356.134616 sending message 112 to peer 0x55e59722d3e0 (12 bytes)
1751130356.134620 sending message 112 to peer 0x55e59722d3e0 (8 bytes)
1751130356.134625 sending message 112 to peer 0x55e59722d3e0 (14 bytes)
1751130356.134628 sending message 112 to peer 0x55e59722d3e0 (11 bytes)
1751130356.134632 sending message 112 to peer 0x55e59722d3e0 (9 bytes)
1751130356.134636 sending message 112 to peer 0x55e59722d3e0 (10 bytes)
1751130356.134639 sending message 112 to peer 0x55e59722d3e0 (10 bytes)
1751130356.134643 sending message 112 to peer 0x55e59722d3e0 (10 bytes)
1751130356.134652 sending message 112 to peer 0x55e59722d3e0 (10 bytes)
1751130356.134659 sending message 112 to peer 0x55e59722d3e0 (11 bytes)
1751130356.134663 sending message 112 to peer 0x55e59722d3e0 (12 bytes)
1751130356.134666 sending message 112 to peer 0x55e59722d3e0 (12 bytes)
1751130356.134670 sending message 112 to peer 0x55e59722d3e0 (12 bytes)
1751130356.134674 sending message 112 to peer 0x55e59722d3e0 (12 bytes)
1751130356.134677 sending message 112 to peer 0x55e59722d3e0 (12 bytes)
1751130356.134681 sending message 112 to peer 0x55e59722d3e0 (11 bytes)
1751130356.134685 sending message 112 to peer 0x55e59722d3e0 (11 bytes)
1751130356.134689 sending message 112 to peer 0x55e59722d3e0 (12 bytes)
1751130356.134692 sending message 112 to peer 0x55e59722d3e0 (12 bytes)
1751130356.134696 sending message 112 to peer 0x55e59722d3e0 (12 bytes)
1751130356.134700 sending message 112 to peer 0x55e59722d3e0 (12 bytes)
1751130356.134703 sending message 112 to peer 0x55e59722d3e0 (12 bytes)
1751130356.134707 sending message 112 to peer 0x55e59722d3e0 (9 bytes)
1751130356.134711 sending message 112 to peer 0x55e59722d3e0 (12 bytes)
1751130356.134715 sending message 112 to peer 0x55e59722d3e0 (13 bytes)
1751130356.134718 sending message 112 to peer 0x55e59722d3e0 (13 bytes)
1751130356.134722 sending message 112 to peer 0x55e59722d3e0 (13 bytes)
1751130356.134726 sending message 112 to peer 0x55e59722d3e0 (13 bytes)
1751130356.134729 sending message 112 to peer 0x55e59722d3e0 (13 bytes)
1751130356.134733 sending message 112 to peer 0x55e59722d3e0 (8 bytes)
1751130356.134737 sending message 112 to peer 0x55e59722d3e0 (11 bytes)
1751130356.134741 sending message 112 to peer 0x55e59722d3e0 (11 bytes)
1751130356.134744 sending message 112 to peer 0x55e59722d3e0 (11 bytes)
1751130356.134748 sending message 112 to peer 0x55e59722d3e0 (12 bytes)
1751130356.134752 sending message 112 to peer 0x55e59722d3e0 (12 bytes)
1751130356.134756 sending message 112 to peer 0x55e59722d3e0 (12 bytes)
1751130356.134766 sending message 112 to peer 0x55e59722d3e0 (12 bytes)
1751130356.134770 sending message 112 to peer 0x55e59722d3e0 (13 bytes)
1751130356.134774 sending message 112 to peer 0x55e59722d3e0 (13 bytes)
1751130356.134778 sending message 112 to peer 0x55e59722d3e0 (13 bytes)
1751130356.134781 sending message 112 to peer 0x55e59722d3e0 (8 bytes)
1751130356.134785 sending message 112 to peer 0x55e59722d3e0 (13 bytes)
1751130356.134789 sending message 112 to peer 0x55e59722d3e0 (13 bytes)
1751130356.134792 sending message 112 to peer 0x55e59722d3e0 (13 bytes)
1751130356.134796 sending message 112 to peer 0x55e59722d3e0 (13 bytes)
1751130356.134800 sending message 112 to peer 0x55e59722d3e0 (13 bytes)
1751130356.134804 sending message 112 to peer 0x55e59722d3e0 (12 bytes)
1751130356.134807 sending message 112 to peer 0x55e59722d3e0 (12 bytes)
1751130356.134811 sending message 112 to peer 0x55e59722d3e0 (12 bytes)
1751130356.134815 sending message 112 to peer 0x55e59722d3e0 (12 bytes)
1751130356.134818 sending message 112 to peer 0x55e59722d3e0 (13 bytes)
1751130356.134822 sending message 112 to peer 0x55e59722d3e0 (8 bytes)
1751130356.134826 sending message 112 to peer 0x55e59722d3e0 (13 bytes)
1751130356.134829 sending message 112 to peer 0x55e59722d3e0 (13 bytes)
1751130356.134833 sending message 112 to peer 0x55e59722d3e0 (13 bytes)
1751130356.134837 sending message 112 to peer 0x55e59722d3e0 (13 bytes)
1751130356.134841 sending message 112 to peer 0x55e59722d3e0 (13 bytes)
1751130356.134844 sending message 112 to peer 0x55e59722d3e0 (13 bytes)
1751130356.134848 sending message 112 to peer 0x55e59722d3e0 (13 bytes)
1751130356.134852 sending message 112 to peer 0x55e59722d3e0 (12 bytes)
1751130356.134855 sending message 112 to peer 0x55e59722d3e0 (12 bytes)
1751130356.134859 sending message 112 to peer 0x55e59722d3e0 (12 bytes)
1751130356.134863 sending message 112 to peer 0x55e59722d3e0 (8 bytes)
1751130356.134867 sending message 112 to peer 0x55e59722d3e0 (12 bytes)
1751130356.134870 sending message 112 to peer 0x55e59722d3e0 (13 bytes)
1751130356.134878 sending message 112 to peer 0x55e59722d3e0 (13 bytes)
1751130356.134883 sending message 112 to peer 0x55e59722d3e0 (13 bytes)
1751130356.134887 sending message 112 to peer 0x55e59722d3e0 (13 bytes)
1751130356.134890 sending message 112 to peer 0x55e59722d3e0 (13 bytes)
1751130356.134894 sending message 112 to peer 0x55e59722d3e0 (13 bytes)
1751130356.134898 sending message 112 to peer 0x55e59722d3e0 (13 bytes)
1751130356.134902 sending message 112 to peer 0x55e59722d3e0 (13 bytes)
1751130356.134905 sending message 112 to peer 0x55e59722d3e0 (12 bytes)
1751130356.134909 sending message 112 to peer 0x55e59722d3e0 (10 bytes)
1751130356.134913 sending message 112 to peer 0x55e59722d3e0 (12 bytes)
1751130356.134916 sending message 112 to peer 0x55e59722d3e0 (12 bytes)
1751130356.134920 sending message 112 to peer 0x55e59722d3e0 (12 bytes)
1751130356.134924 sending message 112 to peer 0x55e59722d3e0 (13 bytes)
1751130356.134928 sending message 112 to peer 0x55e59722d3e0 (13 bytes)
1751130356.134931 sending message 112 to peer 0x55e59722d3e0 (13 bytes)
1751130356.134935 sending message 112 to peer 0x55e59722d3e0 (13 bytes)
1751130356.134939 sending message 112 to peer 0x55e59722d3e0 (13 bytes)
1751130356.134942 sending message 112 to peer 0x55e59722d3e0 (13 bytes)
1751130356.134946 sending message 112 to peer 0x55e59722d3e0 (13 bytes)
1751130356.134950 sending message 112 to peer 0x55e59722d3e0 (10 bytes)
1751130356.134953 sending message 112 to peer 0x55e59722d3e0 (13 bytes)
1751130356.134957 sending message 112 to peer 0x55e59722d3e0 (12 bytes)
1751130356.134961 sending message 112 to peer 0x55e59722d3e0 (12 bytes)
1751130356.134965 sending message 112 to peer 0x55e59722d3e0 (12 bytes)
1751130356.134968 sending message 112 to peer 0x55e59722d3e0 (10 bytes)
1751130356.134972 sending message 112 to peer 0x55e59722d3e0 (10 bytes)
1751130356.134976 sending message 112 to peer 0x55e59722d3e0 (10 bytes)
1751130356.134979 sending message 112 to peer 0x55e59722d3e0 (12 bytes)
1751130356.134983 sending message 112 to peer 0x55e59722d3e0 (13 bytes)
1751130356.134987 sending message 112 to peer 0x55e59722d3e0 (13 bytes)
1751130356.134991 sending message 112 to peer 0x55e59722d3e0 (13 bytes)
1751130356.134994 sending message 112 to peer 0x55e59722d3e0 (13 bytes)
1751130356.134998 sending message 112 to peer 0x55e59722d3e0 (13 bytes)
1751130356.135002 sending message 112 to peer 0x55e59722d3e0 (10 bytes)
1751130356.135005 sending message 112 to peer 0x55e59722d3e0 (11 bytes)
1751130356.135009 sending message 112 to peer 0x55e59722d3e0 (12 bytes)
1751130356.135013 sending message 112 to peer 0x55e59722d3e0 (12 bytes)
1751130356.135016 sending message 112 to peer 0x55e59722d3e0 (12 bytes)
1751130356.135020 sending message 112 to peer 0x55e59722d3e0 (12 bytes)
1751130356.135024 sending message 112 to peer 0x55e59722d3e0 (12 bytes)
1751130356.135028 sending message 112 to peer 0x55e59722d3e0 (11 bytes)
1751130356.135031 sending message 112 to peer 0x55e59722d3e0 (12 bytes)
1751130356.135035 sending message 112 to peer 0x55e59722d3e0 (12 bytes)
1751130356.135039 sending message 112 to peer 0x55e59722d3e0 (13 bytes)
1751130356.135042 sending message 112 to peer 0x55e59722d3e0 (13 bytes)
1751130356.135046 sending message 112 to peer 0x55e59722d3e0 (13 bytes)
1751130356.135050 sending message 112 to peer 0x55e59722d3e0 (13 bytes)
1751130356.135054 sending message 112 to peer 0x55e59722d3e0 (13 bytes)
1751130356.135124 sending message 112 to peer 0x55e59722d3e0 (10 bytes)
1751130356.135129 sending message 112 to peer 0x55e59722d3e0 (9 bytes)
1751130356.135133 sending message 112 to peer 0x55e59722d3e0 (12 bytes)
1751130356.135136 sending message 112 to peer 0x55e59722d3e0 (13 bytes)
1751130356.135140 sending message 112 to peer 0x55e59722d3e0 (13 bytes)
1751130356.135144 sending message 112 to peer 0x55e59722d3e0 (13 bytes)
1751130356.135147 sending message 112 to peer 0x55e59722d3e0 (13 bytes)
1751130356.135151 sending message 112 to peer 0x55e59722d3e0 (13 bytes)
1751130356.135155 sending message 112 to peer 0x55e59722d3e0 (9 bytes)
1751130356.135163 sending message 112 to peer 0x55e59722d3e0 (12 bytes)
1751130356.135168 sending message 112 to peer 0x55e59722d3e0 (13 bytes)
1751130356.135172 sending message 112 to peer 0x55e59722d3e0 (13 bytes)
1751130356.135176 sending message 112 to peer 0x55e59722d3e0 (13 bytes)
1751130356.135179 sending message 112 to peer 0x55e59722d3e0 (13 bytes)
1751130356.135183 sending message 112 to peer 0x55e59722d3e0 (13 bytes)
1751130356.135187 sending message 112 to peer 0x55e59722d3e0 (11 bytes)
1751130356.135191 sending message 112 to peer 0x55e59722d3e0 (12 bytes)
1751130356.135194 sending message 112 to peer 0x55e59722d3e0 (13 bytes)
1751130356.135198 sending message 112 to peer 0x55e59722d3e0 (13 bytes)
1751130356.135202 sending message 112 to peer 0x55e59722d3e0 (13 bytes)
1751130356.135205 sending message 112 to peer 0x55e59722d3e0 (13 bytes)
1751130356.135209 sending message 112 to peer 0x55e59722d3e0 (13 bytes)
1751130356.135213 sending message 112 to peer 0x55e59722d3e0 (11 bytes)
1751130356.135216 sending message 112 to peer 0x55e59722d3e0 (12 bytes)
1751130356.135220 sending message 112 to peer 0x55e59722d3e0 (12 bytes)
1751130356.135224 sending message 112 to peer 0x55e59722d3e0 (12 bytes)
1751130356.135228 sending message 112 to peer 0x55e59722d3e0 (12 bytes)
1751130356.135231 sending message 112 to peer 0x55e59722d3e0 (12 bytes)
1751130356.135235 sending message 112 to peer 0x55e59722d3e0 (21 bytes)
1751130356.135239 sending message 112 to peer 0x55e59722d3e0 (12 bytes)
1751130356.135243 sending message 112 to peer 0x55e59722d3e0 (9 bytes)
1751130356.135246 sending message 112 to peer 0x55e59722d3e0 (6 bytes)
1751130356.135250 sending message 112 to peer 0x55e59722d3e0 (13 bytes)
1751130356.135254 sending message 112 to peer 0x55e59722d3e0 (10 bytes)
1751130356.135258 sending message 112 to peer 0x55e59722d3e0 (24 bytes)
1751130356.135261 sending message 112 to peer 0x55e59722d3e0 (13 bytes)
1751130356.135265 sending message 112 to peer 0x55e59722d3e0 (9 bytes)
1751130356.135269 sending message 112 to peer 0x55e59722d3e0 (70 bytes)
1751130356.135273 sending message 112 to peer 0x55e59722d3e0 (69 bytes)
1751130356.135277 sending message 112 to peer 0x55e59722d3e0 (12 bytes)
1751130356.135280 sending message 112 to peer 0x55e59722d3e0 (10 bytes)
1751130356.135284 sending message 112 to peer 0x55e59722d3e0 (10 bytes)
1751130356.135288 sending message 112 to peer 0x55e59722d3e0 (24 bytes)
1751130356.135292 sending message 112 to peer 0x55e59722d3e0 (13 bytes)
1751130356.135295 sending message 112 to peer 0x55e59722d3e0 (10 bytes)
1751130356.135299 sending message 112 to peer 0x55e59722d3e0 (10 bytes)
1751130356.135303 sending message 112 to peer 0x55e59722d3e0 (10 bytes)
1751130356.135306 sending message 112 to peer 0x55e59722d3e0 (13 bytes)
1751130356.135310 sending message 112 to peer 0x55e59722d3e0 (15 bytes)
1751130356.135314 sending message 112 to peer 0x55e59722d3e0 (5 bytes)
1751130356.135318 sending message 104 to peer 0x55e59722d3e0 (0 bytes)
1751130356.135322 sending message 110 to peer 0x55e59722d3e0 (0 bytes)
1751130356.135326 sending message 107 to peer 0x55e59722d3e0 (4 bytes)
1751130356.135330 sending message 105 to peer 0x55e59722d3e0 (16 bytes)
1751130356.135334 sending message 105 to peer 0x55e59722d3e0 (78 bytes)
1751130356.135338 sending message 105 to peer 0x55e59722d3e0 (20 bytes)
1751130356.135342 sending message 105 to peer 0x55e59722d3e0 (23 bytes)
1751130356.135346 sending message 105 to peer 0x55e59722d3e0 (23 bytes)
1751130356.135349 sending message 105 to peer 0x55e59722d3e0 (48 bytes)
1751130356.135353 sending message 105 to peer 0x55e59722d3e0 (19 bytes)
1751130356.135357 sending message 105 to peer 0x55e59722d3e0 (14 bytes)
1751130356.135361 sending message 105 to peer 0x55e59722d3e0 (41 bytes)
1751130356.135364 sending message 105 to peer 0x55e59722d3e0 (37 bytes)
1751130356.135368 sending message 105 to peer 0x55e59722d3e0 (51 bytes)
1751130356.135372 sending message 105 to peer 0x55e59722d3e0 (20 bytes)
1751130356.135376 sending message 105 to peer 0x55e59722d3e0 (22 bytes)
1751130356.135383 sending message 105 to peer 0x55e59722d3e0 (19 bytes)
1751130356.135388 sending message 105 to peer 0x55e59722d3e0 (21 bytes)
1751130356.135392 sending message 105 to peer 0x55e59722d3e0 (30 bytes)
1751130356.135396 sending message 105 to peer 0x55e59722d3e0 (26 bytes)
1751130356.135400 sending message 105 to peer 0x55e59722d3e0 (15 bytes)
1751130356.135403 sending message 105 to peer 0x55e59722d3e0 (25 bytes)
1751130356.135407 sending message 105 to peer 0x55e59722d3e0 (23 bytes)
1751130356.135411 sending message 105 to peer 0x55e59722d3e0 (54 bytes)
1751130356.135415 sending message 105 to peer 0x55e59722d3e0 (35 bytes)
1751130356.135419 sending message 105 to peer 0x55e59722d3e0 (21 bytes)
1751130356.135422 sending message 105 to peer 0x55e59722d3e0 (18 bytes)
1751130356.135426 sending message 105 to peer 0x55e59722d3e0 (16 bytes)
1751130356.135430 sending message 105 to peer 0x55e59722d3e0 (17 bytes)
1751130356.135434 sending message 105 to peer 0x55e59722d3e0 (1911 bytes)
1751130356.135443 sending message 105 to peer 0x55e59722d3e0 (26 bytes)
1751130356.135447 sending message 105 to peer 0x55e59722d3e0 (145 bytes)
1751130356.135451 sending message 105 to peer 0x55e59722d3e0 (17 bytes)
1751130356.135455 sending message 105 to peer 0x55e59722d3e0 (26 bytes)
1751130356.135459 sending message 105 to peer 0x55e59722d3e0 (47 bytes)
1751130356.135462 sending message 105 to peer 0x55e59722d3e0 (16 bytes)
1751130356.135466 sending message 105 to peer 0x55e59722d3e0 (26 bytes)
1751130356.135470 sending message 105 to peer 0x55e59722d3e0 (73 bytes)
1751130356.135474 sending message 105 to peer 0x55e59722d3e0 (23 bytes)
1751130356.135477 sending message 105 to peer 0x55e59722d3e0 (23 bytes)
1751130356.135481 sending message 105 to peer 0x55e59722d3e0 (20 bytes)
1751130356.135485 sending message 105 to peer 0x55e59722d3e0 (35 bytes)
1751130356.135489 sending message 105 to peer 0x55e59722d3e0 (12 bytes)
1751130356.135492 sending message 105 to peer 0x55e59722d3e0 (11 bytes)
1751130356.135496 sending message 105 to peer 0x55e59722d3e0 (8 bytes)
1751130356.135500 sending message 105 to peer 0x55e59722d3e0 (18 bytes)
1751130356.135504 sending message 105 to peer 0x55e59722d3e0 (31 bytes)
1751130356.135507 sending message 105 to peer 0x55e59722d3e0 (55 bytes)
1751130356.135511 sending message 105 to peer 0x55e59722d3e0 (40 bytes)
1751130356.135515 sending message 105 to peer 0x55e59722d3e0 (26 bytes)
1751130356.135519 sending message 105 to peer 0x55e59722d3e0 (123 bytes)
1751130356.135523 sending message 105 to peer 0x55e59722d3e0 (92 bytes)
1751130356.135526 sending message 105 to peer 0x55e59722d3e0 (17 bytes)
1751130356.135530 sending message 105 to peer 0x55e59722d3e0 (54 bytes)
1751130356.135534 sending message 105 to peer 0x55e59722d3e0 (28 bytes)
1751130356.135538 sending message 105 to peer 0x55e59722d3e0 (20 bytes)
1751130356.135541 sending message 105 to peer 0x55e59722d3e0 (23 bytes)
1751130356.135545 sending message 105 to peer 0x55e59722d3e0 (16 bytes)
1751130356.135549 sending message 105 to peer 0x55e59722d3e0 (28 bytes)
1751130356.135553 sending message 106 to peer 0x55e59722d3e0 (0 bytes)
1751130356.135584 sending message 200 to peer 0x55e59722d3e0 (4 bytes)
1751130356.135588 client loop enter
1751130356.140702 peer 0x55e59722d3e0 message 207
1751130356.140715 sending message 208 to peer 0x55e59722d3e0 (0 bytes)
1751130358.717732 peer 0x55e59722d3e0 message 203
1751130358.717743 sending message 205 to peer 0x55e59722d3e0 (0 bytes)
1751130358.718132 peer 0x55e59722d3e0 message 204
1751130358.718138 client loop exit
